C51 COMPILER V9.60.0.0   MAIN                                                              07/15/2020 16:06:20 PAGE 1   


C51 COMPILER V9.60.0.0, COMPILATION OF MODULE MAIN
OBJECT MODULE PLACED IN .\Objects\main.obj
COMPILER INVOKED BY: D:\Keil\MDK\C51\BIN\C51.EXE ..\Code\main.c OPTIMIZE(8,SPEED) BROWSE DEBUG OBJECTEXTEND PRINT(.\List
                    -ings\main.lst) OBJECT(.\Objects\main.obj)

line level    source

   1          
   2          #include <reg52.h>
   3          #include "OLED.h"
   4          //#include "PictureBMP.h"
   5          
   6          sbit LED = P1 ^ 0;
   7          
   8          //主函数
   9          void main()
  10          {
  11   1              OLED_Init();
  12   1              while (1)
  13   1              {
  14   2                      LED = ~LED;
  15   2                      OLED_DisplayChar(64, 0, 'K', TextSize6x8);
  16   2                      OLED_DisplayStr(0, 1, "(^_^)", TextSize8x16);
  17   2                      OLED_DisplayStr(0, 3, "ABCdef123!@#/", TextSize8x16);
  18   2                      OLED_DisplayCN(40, 5, 0);
  19   2                      OLED_DisplayCN(56, 5, 1);
  20   2                      OLED_DisplayCN(72, 5, 2);
  21   2                      OLED_DisplayCN(88, 5, 3);
  22   2                      //OLED_DisplayBMP(0, 2, 128, 8, Picture01);
  23   2              }
  24   1      }


MODULE INFORMATION:   STATIC OVERLAYABLE
   CODE SIZE        =     87    ----
   CONSTANT SIZE    =     20    ----
   XDATA SIZE       =   ----    ----
   PDATA SIZE       =   ----    ----
   DATA SIZE        =   ----    ----
   IDATA SIZE       =   ----    ----
   BIT SIZE         =   ----    ----
END OF MODULE INFORMATION.


C51 COMPILATION COMPLETE.  0 WARNING(S),  0 ERROR(S)
